[0.010s] Invoking command in '/home/iwatts/Documents/IsaacLabExtensionTemplate/ws_moveit/build/rrr_launcher_demo': CMAKE_PREFIX_PATH=${CMAKE_PREFIX_PATH}:/home/iwatts/ws_moveit/install/moveit_configs_utils:/home/iwatts/ws_moveit/install/launch_param_builder:/opt/ros/humble CONDA_PROMPT_MODIFIER=(base) /usr/bin/cmake /home/iwatts/Documents/IsaacLabExtensionTemplate/ws_moveit/src/rrr_launcher_demo -DCMAKE_INSTALL_PREFIX=/home/iwatts/Documents/IsaacLabExtensionTemplate/ws_moveit/install/rrr_launcher_demo
[0.184s] -- The C compiler identification is GNU 11.4.0
[0.306s] -- The CXX compiler identification is GNU 11.4.0
[0.314s] -- Detecting C compiler ABI info
[0.458s] -- Detecting C compiler ABI info - done
[0.466s] -- Check for working C compiler: /usr/bin/cc - skipped
[0.467s] -- Detecting C compile features
[0.468s] -- Detecting C compile features - done
[0.473s] -- Detecting CXX compiler ABI info
[0.635s] -- Detecting CXX compiler ABI info - done
[0.638s] -- Check for working CXX compiler: /usr/bin/c++ - skipped
[0.638s] -- Detecting CXX compile features
[0.638s] -- Detecting CXX compile features - done
[0.644s] -- Found ament_cmake: 1.3.10 (/opt/ros/humble/share/ament_cmake/cmake)
[0.883s] -- Found Python3: /home/iwatts/anaconda3/bin/python3 (found version "3.12.7") found components: Interpreter 
[1.079s] -- Configuring done
[1.080s] -- Generating done
[1.080s] -- Build files have been written to: /home/iwatts/Documents/IsaacLabExtensionTemplate/ws_moveit/build/rrr_launcher_demo
[1.087s] Invoked command in '/home/iwatts/Documents/IsaacLabExtensionTemplate/ws_moveit/build/rrr_launcher_demo' returned '0': CMAKE_PREFIX_PATH=${CMAKE_PREFIX_PATH}:/home/iwatts/ws_moveit/install/moveit_configs_utils:/home/iwatts/ws_moveit/install/launch_param_builder:/opt/ros/humble CONDA_PROMPT_MODIFIER=(base) /usr/bin/cmake /home/iwatts/Documents/IsaacLabExtensionTemplate/ws_moveit/src/rrr_launcher_demo -DCMAKE_INSTALL_PREFIX=/home/iwatts/Documents/IsaacLabExtensionTemplate/ws_moveit/install/rrr_launcher_demo
[1.087s] Invoking command in '/home/iwatts/Documents/IsaacLabExtensionTemplate/ws_moveit/build/rrr_launcher_demo': CMAKE_PREFIX_PATH=${CMAKE_PREFIX_PATH}:/home/iwatts/ws_moveit/install/moveit_configs_utils:/home/iwatts/ws_moveit/install/launch_param_builder:/opt/ros/humble CONDA_PROMPT_MODIFIER=(base) /usr/bin/cmake --build /home/iwatts/Documents/IsaacLabExtensionTemplate/ws_moveit/build/rrr_launcher_demo -- -j32 -l32
[1.137s] Invoked command in '/home/iwatts/Documents/IsaacLabExtensionTemplate/ws_moveit/build/rrr_launcher_demo' returned '0': CMAKE_PREFIX_PATH=${CMAKE_PREFIX_PATH}:/home/iwatts/ws_moveit/install/moveit_configs_utils:/home/iwatts/ws_moveit/install/launch_param_builder:/opt/ros/humble CONDA_PROMPT_MODIFIER=(base) /usr/bin/cmake --build /home/iwatts/Documents/IsaacLabExtensionTemplate/ws_moveit/build/rrr_launcher_demo -- -j32 -l32
[1.242s] Invoking command in '/home/iwatts/Documents/IsaacLabExtensionTemplate/ws_moveit/build/rrr_launcher_demo': CMAKE_PREFIX_PATH=${CMAKE_PREFIX_PATH}:/home/iwatts/ws_moveit/install/moveit_configs_utils:/home/iwatts/ws_moveit/install/launch_param_builder:/opt/ros/humble CONDA_PROMPT_MODIFIER=(base) /usr/bin/cmake --install /home/iwatts/Documents/IsaacLabExtensionTemplate/ws_moveit/build/rrr_launcher_demo
[1.256s] -- Install configuration: ""
[1.256s] -- Installing: /home/iwatts/Documents/IsaacLabExtensionTemplate/ws_moveit/install/rrr_launcher_demo/share/ament_index/resource_index/package_run_dependencies/rrr_launcher_demo
[1.256s] -- Installing: /home/iwatts/Documents/IsaacLabExtensionTemplate/ws_moveit/install/rrr_launcher_demo/share/ament_index/resource_index/parent_prefix_path/rrr_launcher_demo
[1.256s] -- Installing: /home/iwatts/Documents/IsaacLabExtensionTemplate/ws_moveit/install/rrr_launcher_demo/share/rrr_launcher_demo/environment/ament_prefix_path.sh
[1.257s] -- Installing: /home/iwatts/Documents/IsaacLabExtensionTemplate/ws_moveit/install/rrr_launcher_demo/share/rrr_launcher_demo/environment/ament_prefix_path.dsv
[1.257s] -- Installing: /home/iwatts/Documents/IsaacLabExtensionTemplate/ws_moveit/install/rrr_launcher_demo/share/rrr_launcher_demo/environment/path.sh
[1.257s] -- Installing: /home/iwatts/Documents/IsaacLabExtensionTemplate/ws_moveit/install/rrr_launcher_demo/share/rrr_launcher_demo/environment/path.dsv
[1.258s] -- Installing: /home/iwatts/Documents/IsaacLabExtensionTemplate/ws_moveit/install/rrr_launcher_demo/share/rrr_launcher_demo/local_setup.bash
[1.258s] -- Installing: /home/iwatts/Documents/IsaacLabExtensionTemplate/ws_moveit/install/rrr_launcher_demo/share/rrr_launcher_demo/local_setup.sh
[1.258s] -- Installing: /home/iwatts/Documents/IsaacLabExtensionTemplate/ws_moveit/install/rrr_launcher_demo/share/rrr_launcher_demo/local_setup.zsh
[1.258s] -- Installing: /home/iwatts/Documents/IsaacLabExtensionTemplate/ws_moveit/install/rrr_launcher_demo/share/rrr_launcher_demo/local_setup.dsv
[1.258s] -- Installing: /home/iwatts/Documents/IsaacLabExtensionTemplate/ws_moveit/install/rrr_launcher_demo/share/rrr_launcher_demo/package.dsv
[1.258s] -- Installing: /home/iwatts/Documents/IsaacLabExtensionTemplate/ws_moveit/install/rrr_launcher_demo/share/ament_index/resource_index/packages/rrr_launcher_demo
[1.258s] -- Installing: /home/iwatts/Documents/IsaacLabExtensionTemplate/ws_moveit/install/rrr_launcher_demo/share/rrr_launcher_demo/cmake/rrr_launcher_demoConfig.cmake
[1.258s] -- Installing: /home/iwatts/Documents/IsaacLabExtensionTemplate/ws_moveit/install/rrr_launcher_demo/share/rrr_launcher_demo/cmake/rrr_launcher_demoConfig-version.cmake
[1.258s] -- Installing: /home/iwatts/Documents/IsaacLabExtensionTemplate/ws_moveit/install/rrr_launcher_demo/share/rrr_launcher_demo/package.xml
[1.258s] -- Installing: /home/iwatts/Documents/IsaacLabExtensionTemplate/ws_moveit/install/rrr_launcher_demo/share/rrr_launcher_demo/launch
[1.258s] -- Installing: /home/iwatts/Documents/IsaacLabExtensionTemplate/ws_moveit/install/rrr_launcher_demo/share/rrr_launcher_demo/launch/rsp.launch.py
[1.258s] -- Installing: /home/iwatts/Documents/IsaacLabExtensionTemplate/ws_moveit/install/rrr_launcher_demo/share/rrr_launcher_demo/launch/move_group.launch.py
[1.258s] -- Installing: /home/iwatts/Documents/IsaacLabExtensionTemplate/ws_moveit/install/rrr_launcher_demo/share/rrr_launcher_demo/launch/spawn_controllers.launch.py
[1.258s] -- Installing: /home/iwatts/Documents/IsaacLabExtensionTemplate/ws_moveit/install/rrr_launcher_demo/share/rrr_launcher_demo/launch/static_virtual_joint_tfs.launch.py
[1.258s] -- Installing: /home/iwatts/Documents/IsaacLabExtensionTemplate/ws_moveit/install/rrr_launcher_demo/share/rrr_launcher_demo/launch/moveit_rviz.launch.py
[1.259s] -- Installing: /home/iwatts/Documents/IsaacLabExtensionTemplate/ws_moveit/install/rrr_launcher_demo/share/rrr_launcher_demo/launch/setup_assistant.launch.py
[1.259s] -- Installing: /home/iwatts/Documents/IsaacLabExtensionTemplate/ws_moveit/install/rrr_launcher_demo/share/rrr_launcher_demo/launch/demo.launch.py
[1.259s] -- Installing: /home/iwatts/Documents/IsaacLabExtensionTemplate/ws_moveit/install/rrr_launcher_demo/share/rrr_launcher_demo/launch/warehouse_db.launch.py
[1.259s] -- Installing: /home/iwatts/Documents/IsaacLabExtensionTemplate/ws_moveit/install/rrr_launcher_demo/share/rrr_launcher_demo/config
[1.259s] -- Installing: /home/iwatts/Documents/IsaacLabExtensionTemplate/ws_moveit/install/rrr_launcher_demo/share/rrr_launcher_demo/config/moveit.rviz
[1.259s] -- Installing: /home/iwatts/Documents/IsaacLabExtensionTemplate/ws_moveit/install/rrr_launcher_demo/share/rrr_launcher_demo/config/moveit_controllers.yaml
[1.259s] -- Installing: /home/iwatts/Documents/IsaacLabExtensionTemplate/ws_moveit/install/rrr_launcher_demo/share/rrr_launcher_demo/config/pilz_cartesian_limits.yaml
[1.259s] -- Installing: /home/iwatts/Documents/IsaacLabExtensionTemplate/ws_moveit/install/rrr_launcher_demo/share/rrr_launcher_demo/config/rrr_arm.urdf.xacro
[1.259s] -- Installing: /home/iwatts/Documents/IsaacLabExtensionTemplate/ws_moveit/install/rrr_launcher_demo/share/rrr_launcher_demo/config/initial_positions.yaml
[1.259s] -- Installing: /home/iwatts/Documents/IsaacLabExtensionTemplate/ws_moveit/install/rrr_launcher_demo/share/rrr_launcher_demo/config/rrr_arm.srdf
[1.259s] -- Installing: /home/iwatts/Documents/IsaacLabExtensionTemplate/ws_moveit/install/rrr_launcher_demo/share/rrr_launcher_demo/config/kinematics.yaml
[1.259s] -- Installing: /home/iwatts/Documents/IsaacLabExtensionTemplate/ws_moveit/install/rrr_launcher_demo/share/rrr_launcher_demo/config/rrr_arm.ros2_control.xacro
[1.259s] -- Installing: /home/iwatts/Documents/IsaacLabExtensionTemplate/ws_moveit/install/rrr_launcher_demo/share/rrr_launcher_demo/config/ros2_controllers.yaml
[1.259s] -- Installing: /home/iwatts/Documents/IsaacLabExtensionTemplate/ws_moveit/install/rrr_launcher_demo/share/rrr_launcher_demo/config/joint_limits.yaml
[1.259s] -- Installing: /home/iwatts/Documents/IsaacLabExtensionTemplate/ws_moveit/install/rrr_launcher_demo/share/rrr_launcher_demo/.setup_assistant
[1.261s] Invoked command in '/home/iwatts/Documents/IsaacLabExtensionTemplate/ws_moveit/build/rrr_launcher_demo' returned '0': CMAKE_PREFIX_PATH=${CMAKE_PREFIX_PATH}:/home/iwatts/ws_moveit/install/moveit_configs_utils:/home/iwatts/ws_moveit/install/launch_param_builder:/opt/ros/humble CONDA_PROMPT_MODIFIER=(base) /usr/bin/cmake --install /home/iwatts/Documents/IsaacLabExtensionTemplate/ws_moveit/build/rrr_launcher_demo
