[0.013s] Invoking command in '/home/iwatts/Documents/IsaacLabExtensionTemplate/ws_moveit/build/rrr_launcher_demo': CMAKE_PREFIX_PATH=/opt/ros/humble CONDA_PROMPT_MODIFIER=(base) /usr/bin/cmake --build /home/iwatts/Documents/IsaacLabExtensionTemplate/ws_moveit/build/rrr_launcher_demo -- -j32 -l32
[0.063s] -- Found ament_cmake: 1.3.10 (/opt/ros/humble/share/ament_cmake/cmake)
[0.240s] -- Configuring done
[0.243s] -- Generating done
[0.243s] -- Build files have been written to: /home/iwatts/Documents/IsaacLabExtensionTemplate/ws_moveit/build/rrr_launcher_demo
[0.262s] Invoked command in '/home/iwatts/Documents/IsaacLabExtensionTemplate/ws_moveit/build/rrr_launcher_demo' returned '0': CMAKE_PREFIX_PATH=/opt/ros/humble CONDA_PROMPT_MODIFIER=(base) /usr/bin/cmake --build /home/iwatts/Documents/IsaacLabExtensionTemplate/ws_moveit/build/rrr_launcher_demo -- -j32 -l32
[0.330s] Invoking command in '/home/iwatts/Documents/IsaacLabExtensionTemplate/ws_moveit/build/rrr_launcher_demo': CMAKE_PREFIX_PATH=/opt/ros/humble CONDA_PROMPT_MODIFIER=(base) /usr/bin/cmake --install /home/iwatts/Documents/IsaacLabExtensionTemplate/ws_moveit/build/rrr_launcher_demo
[0.350s] -- Install configuration: ""
[0.351s] -- Up-to-date: /home/iwatts/Documents/IsaacLabExtensionTemplate/ws_moveit/install/rrr_launcher_demo/share/ament_index/resource_index/package_run_dependencies/rrr_launcher_demo
[0.351s] -- Installing: /home/iwatts/Documents/IsaacLabExtensionTemplate/ws_moveit/install/rrr_launcher_demo/share/ament_index/resource_index/parent_prefix_path/rrr_launcher_demo
[0.351s] -- Up-to-date: /home/iwatts/Documents/IsaacLabExtensionTemplate/ws_moveit/install/rrr_launcher_demo/share/rrr_launcher_demo/environment/ament_prefix_path.sh
[0.352s] -- Installing: /home/iwatts/Documents/IsaacLabExtensionTemplate/ws_moveit/install/rrr_launcher_demo/share/rrr_launcher_demo/environment/ament_prefix_path.dsv
[0.352s] -- Up-to-date: /home/iwatts/Documents/IsaacLabExtensionTemplate/ws_moveit/install/rrr_launcher_demo/share/rrr_launcher_demo/environment/path.sh
[0.352s] -- Installing: /home/iwatts/Documents/IsaacLabExtensionTemplate/ws_moveit/install/rrr_launcher_demo/share/rrr_launcher_demo/environment/path.dsv
[0.353s] -- Up-to-date: /home/iwatts/Documents/IsaacLabExtensionTemplate/ws_moveit/install/rrr_launcher_demo/share/rrr_launcher_demo/local_setup.bash
[0.353s] -- Up-to-date: /home/iwatts/Documents/IsaacLabExtensionTemplate/ws_moveit/install/rrr_launcher_demo/share/rrr_launcher_demo/local_setup.sh
[0.353s] -- Up-to-date: /home/iwatts/Documents/IsaacLabExtensionTemplate/ws_moveit/install/rrr_launcher_demo/share/rrr_launcher_demo/local_setup.zsh
[0.353s] -- Installing: /home/iwatts/Documents/IsaacLabExtensionTemplate/ws_moveit/install/rrr_launcher_demo/share/rrr_launcher_demo/local_setup.dsv
[0.354s] -- Installing: /home/iwatts/Documents/IsaacLabExtensionTemplate/ws_moveit/install/rrr_launcher_demo/share/rrr_launcher_demo/package.dsv
[0.354s] -- Up-to-date: /home/iwatts/Documents/IsaacLabExtensionTemplate/ws_moveit/install/rrr_launcher_demo/share/ament_index/resource_index/packages/rrr_launcher_demo
[0.354s] -- Up-to-date: /home/iwatts/Documents/IsaacLabExtensionTemplate/ws_moveit/install/rrr_launcher_demo/share/rrr_launcher_demo/cmake/rrr_launcher_demoConfig.cmake
[0.354s] -- Up-to-date: /home/iwatts/Documents/IsaacLabExtensionTemplate/ws_moveit/install/rrr_launcher_demo/share/rrr_launcher_demo/cmake/rrr_launcher_demoConfig-version.cmake
[0.354s] -- Installing: /home/iwatts/Documents/IsaacLabExtensionTemplate/ws_moveit/install/rrr_launcher_demo/share/rrr_launcher_demo/package.xml
[0.354s] -- Up-to-date: /home/iwatts/Documents/IsaacLabExtensionTemplate/ws_moveit/install/rrr_launcher_demo/share/rrr_launcher_demo/launch
[0.354s] -- Installing: /home/iwatts/Documents/IsaacLabExtensionTemplate/ws_moveit/install/rrr_launcher_demo/share/rrr_launcher_demo/launch/rsp.launch.py
[0.354s] -- Installing: /home/iwatts/Documents/IsaacLabExtensionTemplate/ws_moveit/install/rrr_launcher_demo/share/rrr_launcher_demo/launch/move_group.launch.py
[0.355s] -- Installing: /home/iwatts/Documents/IsaacLabExtensionTemplate/ws_moveit/install/rrr_launcher_demo/share/rrr_launcher_demo/launch/spawn_controllers.launch.py
[0.355s] -- Installing: /home/iwatts/Documents/IsaacLabExtensionTemplate/ws_moveit/install/rrr_launcher_demo/share/rrr_launcher_demo/launch/static_virtual_joint_tfs.launch.py
[0.355s] -- Installing: /home/iwatts/Documents/IsaacLabExtensionTemplate/ws_moveit/install/rrr_launcher_demo/share/rrr_launcher_demo/launch/moveit_rviz.launch.py
[0.355s] -- Installing: /home/iwatts/Documents/IsaacLabExtensionTemplate/ws_moveit/install/rrr_launcher_demo/share/rrr_launcher_demo/launch/setup_assistant.launch.py
[0.356s] -- Installing: /home/iwatts/Documents/IsaacLabExtensionTemplate/ws_moveit/install/rrr_launcher_demo/share/rrr_launcher_demo/launch/demo.launch.py
[0.356s] -- Installing: /home/iwatts/Documents/IsaacLabExtensionTemplate/ws_moveit/install/rrr_launcher_demo/share/rrr_launcher_demo/launch/warehouse_db.launch.py
[0.356s] -- Up-to-date: /home/iwatts/Documents/IsaacLabExtensionTemplate/ws_moveit/install/rrr_launcher_demo/share/rrr_launcher_demo/config
[0.356s] -- Installing: /home/iwatts/Documents/IsaacLabExtensionTemplate/ws_moveit/install/rrr_launcher_demo/share/rrr_launcher_demo/config/moveit.rviz
[0.356s] -- Installing: /home/iwatts/Documents/IsaacLabExtensionTemplate/ws_moveit/install/rrr_launcher_demo/share/rrr_launcher_demo/config/moveit_controllers.yaml
[0.356s] -- Installing: /home/iwatts/Documents/IsaacLabExtensionTemplate/ws_moveit/install/rrr_launcher_demo/share/rrr_launcher_demo/config/pilz_cartesian_limits.yaml
[0.356s] -- Installing: /home/iwatts/Documents/IsaacLabExtensionTemplate/ws_moveit/install/rrr_launcher_demo/share/rrr_launcher_demo/config/rrr_arm.urdf.xacro
[0.356s] -- Installing: /home/iwatts/Documents/IsaacLabExtensionTemplate/ws_moveit/install/rrr_launcher_demo/share/rrr_launcher_demo/config/initial_positions.yaml
[0.356s] -- Installing: /home/iwatts/Documents/IsaacLabExtensionTemplate/ws_moveit/install/rrr_launcher_demo/share/rrr_launcher_demo/config/rrr_arm.srdf
[0.356s] -- Installing: /home/iwatts/Documents/IsaacLabExtensionTemplate/ws_moveit/install/rrr_launcher_demo/share/rrr_launcher_demo/config/kinematics.yaml
[0.356s] -- Installing: /home/iwatts/Documents/IsaacLabExtensionTemplate/ws_moveit/install/rrr_launcher_demo/share/rrr_launcher_demo/config/rrr_arm.ros2_control.xacro
[0.356s] -- Installing: /home/iwatts/Documents/IsaacLabExtensionTemplate/ws_moveit/install/rrr_launcher_demo/share/rrr_launcher_demo/config/ros2_controllers.yaml
[0.356s] -- Installing: /home/iwatts/Documents/IsaacLabExtensionTemplate/ws_moveit/install/rrr_launcher_demo/share/rrr_launcher_demo/config/joint_limits.yaml
[0.357s] -- Installing: /home/iwatts/Documents/IsaacLabExtensionTemplate/ws_moveit/install/rrr_launcher_demo/share/rrr_launcher_demo/.setup_assistant
[0.358s] Invoked command in '/home/iwatts/Documents/IsaacLabExtensionTemplate/ws_moveit/build/rrr_launcher_demo' returned '0': CMAKE_PREFIX_PATH=/opt/ros/humble CONDA_PROMPT_MODIFIER=(base) /usr/bin/cmake --install /home/iwatts/Documents/IsaacLabExtensionTemplate/ws_moveit/build/rrr_launcher_demo
