[0.054s] DEBUG:colcon:Command line arguments: ['/usr/bin/colcon', 'build']
[0.054s] DEBUG:colcon:Parsed command line arguments: Namespace(log_base=None, log_level=None, verb_name='build', build_base='build', install_base='install', merge_install=False, symlink_install=False, test_result_base=None, continue_on_error=False, executor='parallel', parallel_workers=32, event_handlers=None, ignore_user_meta=False, metas=['./colcon.meta'], base_paths=['.'], packages_ignore=None, packages_ignore_regex=None, paths=None, packages_up_to=None, packages_up_to_regex=None, packages_above=None, packages_above_and_dependencies=None, packages_above_depth=None, packages_select_by_dep=None, packages_skip_by_dep=None, packages_skip_up_to=None, packages_select_build_failed=False, packages_skip_build_finished=False, packages_select_test_failures=False, packages_skip_test_passed=False, packages_select=None, packages_skip=None, packages_select_regex=None, packages_skip_regex=None, packages_start=None, packages_end=None, allow_overriding=[], cmake_args=None, cmake_target=None, cmake_target_skip_unavailable=False, cmake_clean_cache=False, cmake_clean_first=False, cmake_force_configure=False, ament_cmake_args=None, catkin_cmake_args=None, catkin_skip_building_tests=False, mixin_files=None, mixin=None, verb_parser=<colcon_mixin.mixin.mixin_argument.MixinArgumentDecorator object at 0x7cbdab1ef0a0>, verb_extension=<colcon_core.verb.build.BuildVerb object at 0x7cbdab337670>, main=<bound method BuildVerb.main of <colcon_core.verb.build.BuildVerb object at 0x7cbdab337670>>, mixin_verb=('build',))
[0.135s] Level 1:colcon.colcon_core.package_discovery:discover_packages(colcon_meta) check parameters
[0.135s] Level 1:colcon.colcon_core.package_discovery:discover_packages(recursive) check parameters
[0.135s] Level 1:colcon.colcon_core.package_discovery:discover_packages(ignore) check parameters
[0.135s] Level 1:colcon.colcon_core.package_discovery:discover_packages(path) check parameters
[0.135s] Level 1:colcon.colcon_core.package_discovery:discover_packages(colcon_meta) discover
[0.135s] Level 1:colcon.colcon_core.package_discovery:discover_packages(recursive) discover
[0.135s] INFO:colcon.colcon_core.package_discovery:Crawling recursively for packages in '/home/iwatts/Documents/IsaacLabExtensionTemplate/ws_moveit'
[0.135s] Level 1:colcon.colcon_core.package_identification:_identify(.) by extensions ['ignore', 'ignore_ament_install']
[0.135s] Level 1:colcon.colcon_core.package_identification:_identify(.) by extension 'ignore'
[0.135s] Level 1:colcon.colcon_core.package_identification:_identify(.) by extension 'ignore_ament_install'
[0.135s] Level 1:colcon.colcon_core.package_identification:_identify(.) by extensions ['colcon_pkg']
[0.135s] Level 1:colcon.colcon_core.package_identification:_identify(.) by extension 'colcon_pkg'
[0.135s] Level 1:colcon.colcon_core.package_identification:_identify(.) by extensions ['colcon_meta']
[0.135s] Level 1:colcon.colcon_core.package_identification:_identify(.) by extension 'colcon_meta'
[0.135s] Level 1:colcon.colcon_core.package_identification:_identify(.) by extensions ['ros']
[0.135s] Level 1:colcon.colcon_core.package_identification:_identify(.) by extension 'ros'
[0.140s] Level 1:colcon.colcon_core.package_identification:_identify(.) by extensions ['cmake', 'python']
[0.140s] Level 1:colcon.colcon_core.package_identification:_identify(.) by extension 'cmake'
[0.140s] Level 1:colcon.colcon_core.package_identification:_identify(.) by extension 'python'
[0.140s] Level 1:colcon.colcon_core.package_identification:_identify(.) by extensions ['python_setup_py']
[0.140s] Level 1:colcon.colcon_core.package_identification:_identify(.) by extension 'python_setup_py'
[0.140s] Level 1:colcon.colcon_core.package_identification:_identify(build) by extensions ['ignore', 'ignore_ament_install']
[0.140s] Level 1:colcon.colcon_core.package_identification:_identify(build) by extension 'ignore'
[0.140s] Level 1:colcon.colcon_core.package_identification:_identify(build) ignored
[0.140s] Level 1:colcon.colcon_core.package_identification:_identify(install) by extensions ['ignore', 'ignore_ament_install']
[0.140s] Level 1:colcon.colcon_core.package_identification:_identify(install) by extension 'ignore'
[0.140s] Level 1:colcon.colcon_core.package_identification:_identify(install) ignored
[0.140s] Level 1:colcon.colcon_core.package_identification:_identify(log) by extensions ['ignore', 'ignore_ament_install']
[0.140s] Level 1:colcon.colcon_core.package_identification:_identify(log) by extension 'ignore'
[0.140s] Level 1:colcon.colcon_core.package_identification:_identify(log) ignored
[0.140s] Level 1:colcon.colcon_core.package_identification:_identify(src) by extensions ['ignore', 'ignore_ament_install']
[0.141s] Level 1:colcon.colcon_core.package_identification:_identify(src) by extension 'ignore'
[0.141s] Level 1:colcon.colcon_core.package_identification:_identify(src) by extension 'ignore_ament_install'
[0.141s] Level 1:colcon.colcon_core.package_identification:_identify(src) by extensions ['colcon_pkg']
[0.141s] Level 1:colcon.colcon_core.package_identification:_identify(src) by extension 'colcon_pkg'
[0.141s] Level 1:colcon.colcon_core.package_identification:_identify(src) by extensions ['colcon_meta']
[0.141s] Level 1:colcon.colcon_core.package_identification:_identify(src) by extension 'colcon_meta'
[0.141s] Level 1:colcon.colcon_core.package_identification:_identify(src) by extensions ['ros']
[0.141s] Level 1:colcon.colcon_core.package_identification:_identify(src) by extension 'ros'
[0.141s] Level 1:colcon.colcon_core.package_identification:_identify(src) by extensions ['cmake', 'python']
[0.141s] Level 1:colcon.colcon_core.package_identification:_identify(src) by extension 'cmake'
[0.141s] Level 1:colcon.colcon_core.package_identification:_identify(src) by extension 'python'
[0.141s] Level 1:colcon.colcon_core.package_identification:_identify(src) by extensions ['python_setup_py']
[0.141s] Level 1:colcon.colcon_core.package_identification:_identify(src) by extension 'python_setup_py'
[0.141s] Level 1:colcon.colcon_core.package_identification:_identify(src/rrr_launcher_demo) by extensions ['ignore', 'ignore_ament_install']
[0.141s] Level 1:colcon.colcon_core.package_identification:_identify(src/rrr_launcher_demo) by extension 'ignore'
[0.141s] Level 1:colcon.colcon_core.package_identification:_identify(src/rrr_launcher_demo) by extension 'ignore_ament_install'
[0.141s] Level 1:colcon.colcon_core.package_identification:_identify(src/rrr_launcher_demo) by extensions ['colcon_pkg']
[0.141s] Level 1:colcon.colcon_core.package_identification:_identify(src/rrr_launcher_demo) by extension 'colcon_pkg'
[0.141s] Level 1:colcon.colcon_core.package_identification:_identify(src/rrr_launcher_demo) by extensions ['colcon_meta']
[0.141s] Level 1:colcon.colcon_core.package_identification:_identify(src/rrr_launcher_demo) by extension 'colcon_meta'
[0.141s] Level 1:colcon.colcon_core.package_identification:_identify(src/rrr_launcher_demo) by extensions ['ros']
[0.141s] Level 1:colcon.colcon_core.package_identification:_identify(src/rrr_launcher_demo) by extension 'ros'
[0.142s] DEBUG:colcon.colcon_core.package_identification:Package 'src/rrr_launcher_demo' with type 'ros.ament_cmake' and name 'rrr_launcher_demo'
[0.142s] Level 1:colcon.colcon_core.package_discovery:discover_packages(recursive) using defaults
[0.142s] Level 1:colcon.colcon_core.package_discovery:discover_packages(ignore) discover
[0.142s] Level 1:colcon.colcon_core.package_discovery:discover_packages(ignore) using defaults
[0.142s] Level 1:colcon.colcon_core.package_discovery:discover_packages(path) discover
[0.142s] Level 1:colcon.colcon_core.package_discovery:discover_packages(path) using defaults
[0.154s] Level 1:colcon.colcon_core.package_discovery:discover_packages(prefix_path) check parameters
[0.154s] Level 1:colcon.colcon_core.package_discovery:discover_packages(prefix_path) discover
[0.157s] DEBUG:colcon.colcon_installed_package_information.package_discovery:Found 56 installed packages in /home/iwatts/ws_moveit/install
[0.157s] DEBUG:colcon.colcon_installed_package_information.package_discovery:Found 1 installed packages in /home/iwatts/Documents/IsaacLabExtensionTemplate/ws_moveit/install
[0.157s] DEBUG:colcon.colcon_installed_package_information.package_discovery:Found 312 installed packages in /opt/ros/humble
[0.158s] Level 1:colcon.colcon_core.package_discovery:discover_packages(prefix_path) using defaults
[0.193s] Level 5:colcon.colcon_core.verb:set package 'rrr_launcher_demo' build argument 'cmake_args' from command line to 'None'
[0.193s] Level 5:colcon.colcon_core.verb:set package 'rrr_launcher_demo' build argument 'cmake_target' from command line to 'None'
[0.193s] Level 5:colcon.colcon_core.verb:set package 'rrr_launcher_demo' build argument 'cmake_target_skip_unavailable' from command line to 'False'
[0.193s] Level 5:colcon.colcon_core.verb:set package 'rrr_launcher_demo' build argument 'cmake_clean_cache' from command line to 'False'
[0.193s] Level 5:colcon.colcon_core.verb:set package 'rrr_launcher_demo' build argument 'cmake_clean_first' from command line to 'False'
[0.193s] Level 5:colcon.colcon_core.verb:set package 'rrr_launcher_demo' build argument 'cmake_force_configure' from command line to 'False'
[0.193s] Level 5:colcon.colcon_core.verb:set package 'rrr_launcher_demo' build argument 'ament_cmake_args' from command line to 'None'
[0.193s] Level 5:colcon.colcon_core.verb:set package 'rrr_launcher_demo' build argument 'catkin_cmake_args' from command line to 'None'
[0.193s] Level 5:colcon.colcon_core.verb:set package 'rrr_launcher_demo' build argument 'catkin_skip_building_tests' from command line to 'False'
[0.193s] DEBUG:colcon.colcon_core.verb:Building package 'rrr_launcher_demo' with the following arguments: {'ament_cmake_args': None, 'build_base': '/home/iwatts/Documents/IsaacLabExtensionTemplate/ws_moveit/build/rrr_launcher_demo', 'catkin_cmake_args': None, 'catkin_skip_building_tests': False, 'cmake_args': None, 'cmake_clean_cache': False, 'cmake_clean_first': False, 'cmake_force_configure': False, 'cmake_target': None, 'cmake_target_skip_unavailable': False, 'install_base': '/home/iwatts/Documents/IsaacLabExtensionTemplate/ws_moveit/install/rrr_launcher_demo', 'merge_install': False, 'path': '/home/iwatts/Documents/IsaacLabExtensionTemplate/ws_moveit/src/rrr_launcher_demo', 'symlink_install': False, 'test_result_base': None}
[0.193s] INFO:colcon.colcon_core.executor:Executing jobs using 'parallel' executor
[0.194s] DEBUG:colcon.colcon_parallel_executor.executor.parallel:run_until_complete
[0.194s] INFO:colcon.colcon_ros.task.ament_cmake.build:Building ROS package in '/home/iwatts/Documents/IsaacLabExtensionTemplate/ws_moveit/src/rrr_launcher_demo' with build type 'ament_cmake'
[0.194s] INFO:colcon.colcon_cmake.task.cmake.build:Building CMake package in '/home/iwatts/Documents/IsaacLabExtensionTemplate/ws_moveit/src/rrr_launcher_demo'
[0.195s] INFO:colcon.colcon_core.plugin_system:Skipping extension 'colcon_core.shell.bat': Not used on non-Windows systems
[0.195s] INFO:colcon.colcon_core.shell:Skip shell extension 'powershell' for command environment: Not usable outside of PowerShell
[0.195s] DEBUG:colcon.colcon_core.shell:Skip shell extension 'dsv' for command environment
[0.206s] DEBUG:colcon.colcon_core.event_handler.log_command:Invoking command in '/home/iwatts/Documents/IsaacLabExtensionTemplate/ws_moveit/build/rrr_launcher_demo': CMAKE_PREFIX_PATH=${CMAKE_PREFIX_PATH}:/home/iwatts/ws_moveit/install/moveit_configs_utils:/home/iwatts/ws_moveit/install/launch_param_builder:/opt/ros/humble CONDA_PROMPT_MODIFIER=(base) /usr/bin/cmake --build /home/iwatts/Documents/IsaacLabExtensionTemplate/ws_moveit/build/rrr_launcher_demo -- -j32 -l32
[0.414s] DEBUG:colcon.colcon_core.event_handler.log_command:Invoked command in '/home/iwatts/Documents/IsaacLabExtensionTemplate/ws_moveit/build/rrr_launcher_demo' returned '0': CMAKE_PREFIX_PATH=${CMAKE_PREFIX_PATH}:/home/iwatts/ws_moveit/install/moveit_configs_utils:/home/iwatts/ws_moveit/install/launch_param_builder:/opt/ros/humble CONDA_PROMPT_MODIFIER=(base) /usr/bin/cmake --build /home/iwatts/Documents/IsaacLabExtensionTemplate/ws_moveit/build/rrr_launcher_demo -- -j32 -l32
[0.507s] DEBUG:colcon.colcon_core.event_handler.log_command:Invoking command in '/home/iwatts/Documents/IsaacLabExtensionTemplate/ws_moveit/build/rrr_launcher_demo': CMAKE_PREFIX_PATH=${CMAKE_PREFIX_PATH}:/home/iwatts/ws_moveit/install/moveit_configs_utils:/home/iwatts/ws_moveit/install/launch_param_builder:/opt/ros/humble CONDA_PROMPT_MODIFIER=(base) /usr/bin/cmake --install /home/iwatts/Documents/IsaacLabExtensionTemplate/ws_moveit/build/rrr_launcher_demo
[0.520s] Level 1:colcon.colcon_core.environment:create_environment_scripts_only(rrr_launcher_demo)
[0.520s] DEBUG:colcon.colcon_core.event_handler.log_command:Invoked command in '/home/iwatts/Documents/IsaacLabExtensionTemplate/ws_moveit/build/rrr_launcher_demo' returned '0': CMAKE_PREFIX_PATH=${CMAKE_PREFIX_PATH}:/home/iwatts/ws_moveit/install/moveit_configs_utils:/home/iwatts/ws_moveit/install/launch_param_builder:/opt/ros/humble CONDA_PROMPT_MODIFIER=(base) /usr/bin/cmake --install /home/iwatts/Documents/IsaacLabExtensionTemplate/ws_moveit/build/rrr_launcher_demo
[0.521s] Level 1:colcon.colcon_core.environment:checking '/home/iwatts/Documents/IsaacLabExtensionTemplate/ws_moveit/install/rrr_launcher_demo' for CMake module files
[0.521s] Level 1:colcon.colcon_core.environment:checking '/home/iwatts/Documents/IsaacLabExtensionTemplate/ws_moveit/install/rrr_launcher_demo' for CMake config files
[0.521s] Level 1:colcon.colcon_core.shell:create_environment_hook('rrr_launcher_demo', 'cmake_prefix_path')
[0.521s] INFO:colcon.colcon_core.shell:Creating environment hook '/home/iwatts/Documents/IsaacLabExtensionTemplate/ws_moveit/install/rrr_launcher_demo/share/rrr_launcher_demo/hook/cmake_prefix_path.ps1'
[0.522s] INFO:colcon.colcon_core.shell:Creating environment descriptor '/home/iwatts/Documents/IsaacLabExtensionTemplate/ws_moveit/install/rrr_launcher_demo/share/rrr_launcher_demo/hook/cmake_prefix_path.dsv'
[0.522s] INFO:colcon.colcon_core.shell:Creating environment hook '/home/iwatts/Documents/IsaacLabExtensionTemplate/ws_moveit/install/rrr_launcher_demo/share/rrr_launcher_demo/hook/cmake_prefix_path.sh'
[0.522s] Level 1:colcon.colcon_core.environment:checking '/home/iwatts/Documents/IsaacLabExtensionTemplate/ws_moveit/install/rrr_launcher_demo/bin'
[0.522s] Level 1:colcon.colcon_core.environment:checking '/home/iwatts/Documents/IsaacLabExtensionTemplate/ws_moveit/install/rrr_launcher_demo/lib/pkgconfig/rrr_launcher_demo.pc'
[0.523s] Level 1:colcon.colcon_core.environment:checking '/home/iwatts/Documents/IsaacLabExtensionTemplate/ws_moveit/install/rrr_launcher_demo/lib/python3.10/site-packages'
[0.523s] Level 1:colcon.colcon_core.environment:checking '/home/iwatts/Documents/IsaacLabExtensionTemplate/ws_moveit/install/rrr_launcher_demo/bin'
[0.523s] INFO:colcon.colcon_core.shell:Creating package script '/home/iwatts/Documents/IsaacLabExtensionTemplate/ws_moveit/install/rrr_launcher_demo/share/rrr_launcher_demo/package.ps1'
[0.523s] INFO:colcon.colcon_core.shell:Creating package descriptor '/home/iwatts/Documents/IsaacLabExtensionTemplate/ws_moveit/install/rrr_launcher_demo/share/rrr_launcher_demo/package.dsv'
[0.524s] INFO:colcon.colcon_core.shell:Creating package script '/home/iwatts/Documents/IsaacLabExtensionTemplate/ws_moveit/install/rrr_launcher_demo/share/rrr_launcher_demo/package.sh'
[0.524s] INFO:colcon.colcon_core.shell:Creating package script '/home/iwatts/Documents/IsaacLabExtensionTemplate/ws_moveit/install/rrr_launcher_demo/share/rrr_launcher_demo/package.bash'
[0.524s] INFO:colcon.colcon_core.shell:Creating package script '/home/iwatts/Documents/IsaacLabExtensionTemplate/ws_moveit/install/rrr_launcher_demo/share/rrr_launcher_demo/package.zsh'
[0.525s] Level 1:colcon.colcon_core.environment:create_file_with_runtime_dependencies(/home/iwatts/Documents/IsaacLabExtensionTemplate/ws_moveit/install/rrr_launcher_demo/share/colcon-core/packages/rrr_launcher_demo)
[0.606s] Level 1:colcon.colcon_core.environment:create_environment_scripts_only(rrr_launcher_demo)
[0.607s] Level 1:colcon.colcon_core.environment:checking '/home/iwatts/Documents/IsaacLabExtensionTemplate/ws_moveit/install/rrr_launcher_demo' for CMake module files
[0.608s] Level 1:colcon.colcon_core.environment:checking '/home/iwatts/Documents/IsaacLabExtensionTemplate/ws_moveit/install/rrr_launcher_demo' for CMake config files
[0.608s] Level 1:colcon.colcon_core.shell:create_environment_hook('rrr_launcher_demo', 'cmake_prefix_path')
[0.609s] INFO:colcon.colcon_core.shell:Creating environment hook '/home/iwatts/Documents/IsaacLabExtensionTemplate/ws_moveit/install/rrr_launcher_demo/share/rrr_launcher_demo/hook/cmake_prefix_path.ps1'
[0.610s] INFO:colcon.colcon_core.shell:Creating environment descriptor '/home/iwatts/Documents/IsaacLabExtensionTemplate/ws_moveit/install/rrr_launcher_demo/share/rrr_launcher_demo/hook/cmake_prefix_path.dsv'
[0.611s] INFO:colcon.colcon_core.shell:Creating environment hook '/home/iwatts/Documents/IsaacLabExtensionTemplate/ws_moveit/install/rrr_launcher_demo/share/rrr_launcher_demo/hook/cmake_prefix_path.sh'
[0.612s] Level 1:colcon.colcon_core.environment:checking '/home/iwatts/Documents/IsaacLabExtensionTemplate/ws_moveit/install/rrr_launcher_demo/bin'
[0.612s] Level 1:colcon.colcon_core.environment:checking '/home/iwatts/Documents/IsaacLabExtensionTemplate/ws_moveit/install/rrr_launcher_demo/lib/pkgconfig/rrr_launcher_demo.pc'
[0.613s] Level 1:colcon.colcon_core.environment:checking '/home/iwatts/Documents/IsaacLabExtensionTemplate/ws_moveit/install/rrr_launcher_demo/lib/python3.10/site-packages'
[0.614s] Level 1:colcon.colcon_core.environment:checking '/home/iwatts/Documents/IsaacLabExtensionTemplate/ws_moveit/install/rrr_launcher_demo/bin'
[0.614s] INFO:colcon.colcon_core.shell:Creating package script '/home/iwatts/Documents/IsaacLabExtensionTemplate/ws_moveit/install/rrr_launcher_demo/share/rrr_launcher_demo/package.ps1'
[0.616s] INFO:colcon.colcon_core.shell:Creating package descriptor '/home/iwatts/Documents/IsaacLabExtensionTemplate/ws_moveit/install/rrr_launcher_demo/share/rrr_launcher_demo/package.dsv'
[0.617s] INFO:colcon.colcon_core.shell:Creating package script '/home/iwatts/Documents/IsaacLabExtensionTemplate/ws_moveit/install/rrr_launcher_demo/share/rrr_launcher_demo/package.sh'
[0.617s] INFO:colcon.colcon_core.shell:Creating package script '/home/iwatts/Documents/IsaacLabExtensionTemplate/ws_moveit/install/rrr_launcher_demo/share/rrr_launcher_demo/package.bash'
[0.618s] INFO:colcon.colcon_core.shell:Creating package script '/home/iwatts/Documents/IsaacLabExtensionTemplate/ws_moveit/install/rrr_launcher_demo/share/rrr_launcher_demo/package.zsh'
[0.619s] Level 1:colcon.colcon_core.environment:create_file_with_runtime_dependencies(/home/iwatts/Documents/IsaacLabExtensionTemplate/ws_moveit/install/rrr_launcher_demo/share/colcon-core/packages/rrr_launcher_demo)
[0.619s] DEBUG:colcon.colcon_parallel_executor.executor.parallel:closing loop
[0.620s] DEBUG:colcon.colcon_parallel_executor.executor.parallel:loop closed
[0.620s] DEBUG:colcon.colcon_parallel_executor.executor.parallel:run_until_complete finished with '0'
[0.620s] DEBUG:colcon.colcon_core.event_reactor:joining thread
[0.632s] INFO:colcon.colcon_core.plugin_system:Skipping extension 'colcon_notification.desktop_notification.terminal_notifier': Not used on non-Darwin systems
[0.633s] INFO:colcon.colcon_core.plugin_system:Skipping extension 'colcon_notification.desktop_notification.win32': Not used on non-Windows systems
[0.633s] INFO:colcon.colcon_notification.desktop_notification:Sending desktop notification using 'notify2'
[0.663s] DEBUG:colcon.colcon_core.event_reactor:joined thread
[0.664s] INFO:colcon.colcon_core.shell:Creating prefix script '/home/iwatts/Documents/IsaacLabExtensionTemplate/ws_moveit/install/local_setup.ps1'
[0.665s] INFO:colcon.colcon_core.shell:Creating prefix util module '/home/iwatts/Documents/IsaacLabExtensionTemplate/ws_moveit/install/_local_setup_util_ps1.py'
[0.667s] INFO:colcon.colcon_core.shell:Creating prefix chain script '/home/iwatts/Documents/IsaacLabExtensionTemplate/ws_moveit/install/setup.ps1'
[0.672s] INFO:colcon.colcon_core.shell:Creating prefix script '/home/iwatts/Documents/IsaacLabExtensionTemplate/ws_moveit/install/local_setup.sh'
[0.673s] INFO:colcon.colcon_core.shell:Creating prefix util module '/home/iwatts/Documents/IsaacLabExtensionTemplate/ws_moveit/install/_local_setup_util_sh.py'
[0.674s] INFO:colcon.colcon_core.shell:Creating prefix chain script '/home/iwatts/Documents/IsaacLabExtensionTemplate/ws_moveit/install/setup.sh'
[0.678s] INFO:colcon.colcon_core.shell:Creating prefix script '/home/iwatts/Documents/IsaacLabExtensionTemplate/ws_moveit/install/local_setup.bash'
[0.679s] INFO:colcon.colcon_core.shell:Creating prefix chain script '/home/iwatts/Documents/IsaacLabExtensionTemplate/ws_moveit/install/setup.bash'
[0.681s] INFO:colcon.colcon_core.shell:Creating prefix script '/home/iwatts/Documents/IsaacLabExtensionTemplate/ws_moveit/install/local_setup.zsh'
[0.681s] INFO:colcon.colcon_core.shell:Creating prefix chain script '/home/iwatts/Documents/IsaacLabExtensionTemplate/ws_moveit/install/setup.zsh'
